{"D:\\www\\大连\\git-test\\routes\\students.js": {"path":"D:\\www\\大连\\git-test\\routes\\students.js","statementMap":{"0":{"start":{"line":1,"column":16},"end":{"line":1,"column":34}},"1":{"start":{"line":2,"column":15},"end":{"line":2,"column":31}},"2":{"start":{"line":3,"column":52},"end":{"line":3,"column":78}},"3":{"start":{"line":5,"column":0},"end":{"line":11,"column":3}},"4":{"start":{"line":6,"column":19},"end":{"line":6,"column":27}},"5":{"start":{"line":7,"column":20},"end":{"line":7,"column":29}},"6":{"start":{"line":8,"column":19},"end":{"line":8,"column":77}},"7":{"start":{"line":8,"column":48},"end":{"line":8,"column":65}},"8":{"start":{"line":9,"column":17},"end":{"line":9,"column":60}},"9":{"start":{"line":9,"column":46},"end":{"line":9,"column":59}},"10":{"start":{"line":10,"column":2},"end":{"line":10,"column":66}},"11":{"start":{"line":13,"column":0},"end":{"line":22,"column":3}},"12":{"start":{"line":14,"column":48},"end":{"line":14,"column":57}},"13":{"start":{"line":15,"column":16},"end":{"line":15,"column":24}},"14":{"start":{"line":16,"column":2},"end":{"line":16,"column":65}},"15":{"start":{"line":16,"column":12},"end":{"line":16,"column":65}},"16":{"start":{"line":16,"column":42},"end":{"line":16,"column":63}},"17":{"start":{"line":17,"column":2},"end":{"line":17,"column":68}},"18":{"start":{"line":17,"column":13},"end":{"line":17,"column":68}},"19":{"start":{"line":17,"column":43},"end":{"line":17,"column":66}},"20":{"start":{"line":18,"column":16},"end":{"line":18,"column":30}},"21":{"start":{"line":19,"column":16},"end":{"line":19,"column":34}},"22":{"start":{"line":20,"column":16},"end":{"line":20,"column":59}},"23":{"start":{"line":21,"column":2},"end":{"line":21,"column":92}},"24":{"start":{"line":24,"column":0},"end":{"line":30,"column":3}},"25":{"start":{"line":25,"column":18},"end":{"line":25,"column":40}},"26":{"start":{"line":26,"column":2},"end":{"line":28,"column":3}},"27":{"start":{"line":27,"column":4},"end":{"line":27,"column":70}},"28":{"start":{"line":29,"column":2},"end":{"line":29,"column":45}},"29":{"start":{"line":32,"column":0},"end":{"line":38,"column":3}},"30":{"start":{"line":33,"column":17},"end":{"line":33,"column":33}},"31":{"start":{"line":34,"column":2},"end":{"line":36,"column":3}},"32":{"start":{"line":35,"column":4},"end":{"line":35,"column":75}},"33":{"start":{"line":37,"column":2},"end":{"line":37,"column":56}},"34":{"start":{"line":40,"column":0},"end":{"line":49,"column":3}},"35":{"start":{"line":41,"column":17},"end":{"line":41,"column":48}},"36":{"start":{"line":42,"column":2},"end":{"line":44,"column":3}},"37":{"start":{"line":43,"column":4},"end":{"line":43,"column":70}},"38":{"start":{"line":45,"column":2},"end":{"line":47,"column":3}},"39":{"start":{"line":46,"column":4},"end":{"line":46,"column":75}},"40":{"start":{"line":48,"column":2},"end":{"line":48,"column":44}},"41":{"start":{"line":51,"column":0},"end":{"line":58,"column":3}},"42":{"start":{"line":52,"column":18},"end":{"line":52,"column":40}},"43":{"start":{"line":53,"column":2},"end":{"line":55,"column":3}},"44":{"start":{"line":54,"column":4},"end":{"line":54,"column":70}},"45":{"start":{"line":56,"column":2},"end":{"line":56,"column":24}},"46":{"start":{"line":57,"column":2},"end":{"line":57,"column":62}},"47":{"start":{"line":60,"column":0},"end":{"line":60,"column":24}}},"fnMap":{"0":{"name":"(anonymous_0)","decl":{"start":{"line":5,"column":16},"end":{"line":5,"column":17}},"loc":{"start":{"line":5,"column":30},"end":{"line":11,"column":1}},"line":5},"1":{"name":"(anonymous_1)","decl":{"start":{"line":8,"column":43},"end":{"line":8,"column":44}},"loc":{"start":{"line":8,"column":48},"end":{"line":8,"column":65}},"line":8},"2":{"name":"(anonymous_2)","decl":{"start":{"line":9,"column":36},"end":{"line":9,"column":37}},"loc":{"start":{"line":9,"column":46},"end":{"line":9,"column":59}},"line":9},"3":{"name":"(anonymous_3)","decl":{"start":{"line":13,"column":22},"end":{"line":13,"column":23}},"loc":{"start":{"line":13,"column":36},"end":{"line":22,"column":1}},"line":13},"4":{"name":"(anonymous_4)","decl":{"start":{"line":16,"column":37},"end":{"line":16,"column":38}},"loc":{"start":{"line":16,"column":42},"end":{"line":16,"column":63}},"line":16},"5":{"name":"(anonymous_5)","decl":{"start":{"line":17,"column":38},"end":{"line":17,"column":39}},"loc":{"start":{"line":17,"column":43},"end":{"line":17,"column":66}},"line":17},"6":{"name":"(anonymous_6)","decl":{"start":{"line":24,"column":19},"end":{"line":24,"column":20}},"loc":{"start":{"line":24,"column":33},"end":{"line":30,"column":1}},"line":24},"7":{"name":"(anonymous_7)","decl":{"start":{"line":32,"column":17},"end":{"line":32,"column":18}},"loc":{"start":{"line":32,"column":31},"end":{"line":38,"column":1}},"line":32},"8":{"name":"(anonymous_8)","decl":{"start":{"line":40,"column":19},"end":{"line":40,"column":20}},"loc":{"start":{"line":40,"column":33},"end":{"line":49,"column":1}},"line":40},"9":{"name":"(anonymous_9)","decl":{"start":{"line":51,"column":22},"end":{"line":51,"column":23}},"loc":{"start":{"line":51,"column":36},"end":{"line":58,"column":1}},"line":51}},"branchMap":{"0":{"loc":{"start":{"line":8,"column":19},"end":{"line":8,"column":77}},"type":"cond-expr","locations":[{"start":{"line":8,"column":27},"end":{"line":8,"column":66}},{"start":{"line":8,"column":69},"end":{"line":8,"column":77}}],"line":8},"1":{"loc":{"start":{"line":14,"column":23},"end":{"line":14,"column":31}},"type":"default-arg","locations":[{"start":{"line":14,"column":30},"end":{"line":14,"column":31}}],"line":14},"2":{"loc":{"start":{"line":14,"column":33},"end":{"line":14,"column":43}},"type":"default-arg","locations":[{"start":{"line":14,"column":41},"end":{"line":14,"column":43}}],"line":14},"3":{"loc":{"start":{"line":16,"column":2},"end":{"line":16,"column":65}},"type":"if","locations":[{"start":{"line":16,"column":2},"end":{"line":16,"column":65}},{"start":{},"end":{}}],"line":16},"4":{"loc":{"start":{"line":17,"column":2},"end":{"line":17,"column":68}},"type":"if","locations":[{"start":{"line":17,"column":2},"end":{"line":17,"column":68}},{"start":{},"end":{}}],"line":17},"5":{"loc":{"start":{"line":26,"column":2},"end":{"line":28,"column":3}},"type":"if","locations":[{"start":{"line":26,"column":2},"end":{"line":28,"column":3}},{"start":{},"end":{}}],"line":26},"6":{"loc":{"start":{"line":34,"column":2},"end":{"line":36,"column":3}},"type":"if","locations":[{"start":{"line":34,"column":2},"end":{"line":36,"column":3}},{"start":{},"end":{}}],"line":34},"7":{"loc":{"start":{"line":42,"column":2},"end":{"line":44,"column":3}},"type":"if","locations":[{"start":{"line":42,"column":2},"end":{"line":44,"column":3}},{"start":{},"end":{}}],"line":42},"8":{"loc":{"start":{"line":45,"column":2},"end":{"line":47,"column":3}},"type":"if","locations":[{"start":{"line":45,"column":2},"end":{"line":47,"column":3}},{"start":{},"end":{}}],"line":45},"9":{"loc":{"start":{"line":53,"column":2},"end":{"line":55,"column":3}},"type":"if","locations":[{"start":{"line":53,"column":2},"end":{"line":55,"column":3}},{"start":{},"end":{}}],"line":53}},"s":{"0":1,"1":1,"2":1,"3":1,"4":3,"5":3,"6":3,"7":3,"8":3,"9":8,"10":3,"11":1,"12":3,"13":3,"14":3,"15":2,"16":6,"17":3,"18":1,"19":3,"20":3,"21":3,"22":3,"23":3,"24":1,"25":2,"26":2,"27":1,"28":1,"29":1,"30":3,"31":3,"32":2,"33":1,"34":1,"35":3,"36":3,"37":1,"38":2,"39":1,"40":1,"41":1,"42":2,"43":2,"44":1,"45":1,"46":1,"47":1},"f":{"0":3,"1":3,"2":8,"3":3,"4":6,"5":3,"6":2,"7":3,"8":3,"9":2},"b":{"0":[1,2],"1":[3],"2":[3],"3":[2,1],"4":[1,2],"5":[1,1],"6":[2,1],"7":[1,2],"8":[1,1],"9":[1,1]},"_coverageSchema":"1a1c01bbd47fc00a2c39e90264f33305004495a9","hash":"9624c9fbad99e6ed7cf5eee4adea9c98dbda5337"}
,"D:\\www\\大连\\git-test\\src\\app.js": {"path":"D:\\www\\大连\\git-test\\src\\app.js","statementMap":{"0":{"start":{"line":1,"column":16},"end":{"line":1,"column":34}},"1":{"start":{"line":2,"column":22},"end":{"line":2,"column":51}},"2":{"start":{"line":4,"column":12},"end":{"line":4,"column":21}},"3":{"start":{"line":5,"column":13},"end":{"line":5,"column":17}},"4":{"start":{"line":7,"column":0},"end":{"line":7,"column":24}},"5":{"start":{"line":9,"column":0},"end":{"line":21,"column":3}},"6":{"start":{"line":10,"column":2},"end":{"line":20,"column":5}},"7":{"start":{"line":23,"column":0},"end":{"line":23,"column":40}},"8":{"start":{"line":25,"column":0},"end":{"line":29,"column":1}},"9":{"start":{"line":26,"column":2},"end":{"line":28,"column":5}},"10":{"start":{"line":27,"column":4},"end":{"line":27,"column":51}},"11":{"start":{"line":31,"column":0},"end":{"line":31,"column":21}}},"fnMap":{"0":{"name":"(anonymous_0)","decl":{"start":{"line":9,"column":13},"end":{"line":9,"column":14}},"loc":{"start":{"line":9,"column":27},"end":{"line":21,"column":1}},"line":9},"1":{"name":"(anonymous_1)","decl":{"start":{"line":26,"column":19},"end":{"line":26,"column":20}},"loc":{"start":{"line":26,"column":25},"end":{"line":28,"column":3}},"line":26}},"branchMap":{"0":{"loc":{"start":{"line":25,"column":0},"end":{"line":29,"column":1}},"type":"if","locations":[{"start":{"line":25,"column":0},"end":{"line":29,"column":1}},{"start":{},"end":{}}],"line":25}},"s":{"0":1,"1":1,"2":1,"3":1,"4":1,"5":1,"6":0,"7":1,"8":1,"9":0,"10":0,"11":1},"f":{"0":0,"1":0},"b":{"0":[0,1]},"_coverageSchema":"1a1c01bbd47fc00a2c39e90264f33305004495a9","hash":"648011c88593e1c0d8129468edd6bbf90b8adeb3"}
,"D:\\www\\大连\\git-test\\src\\students.js": {"path":"D:\\www\\大连\\git-test\\src\\students.js","statementMap":{"0":{"start":{"line":1,"column":23},"end":{"line":1,"column":41}},"1":{"start":{"line":3,"column":15},"end":{"line":9,"column":1}},"2":{"start":{"line":12,"column":2},"end":{"line":12,"column":18}},"3":{"start":{"line":16,"column":2},"end":{"line":16,"column":49}},"4":{"start":{"line":16,"column":28},"end":{"line":16,"column":39}},"5":{"start":{"line":20,"column":2},"end":{"line":22,"column":3}},"6":{"start":{"line":21,"column":4},"end":{"line":21,"column":34}},"7":{"start":{"line":23,"column":2},"end":{"line":25,"column":3}},"8":{"start":{"line":24,"column":4},"end":{"line":24,"column":34}},"9":{"start":{"line":26,"column":18},"end":{"line":31,"column":3}},"10":{"start":{"line":32,"column":2},"end":{"line":32,"column":25}},"11":{"start":{"line":33,"column":2},"end":{"line":33,"column":17}},"12":{"start":{"line":37,"column":16},"end":{"line":37,"column":52}},"13":{"start":{"line":37,"column":40},"end":{"line":37,"column":51}},"14":{"start":{"line":38,"column":2},"end":{"line":38,"column":32}},"15":{"start":{"line":38,"column":20},"end":{"line":38,"column":32}},"16":{"start":{"line":39,"column":2},"end":{"line":41,"column":3}},"17":{"start":{"line":40,"column":4},"end":{"line":40,"column":34}},"18":{"start":{"line":42,"column":2},"end":{"line":44,"column":3}},"19":{"start":{"line":43,"column":4},"end":{"line":43,"column":34}},"20":{"start":{"line":45,"column":2},"end":{"line":45,"column":52}},"21":{"start":{"line":46,"column":2},"end":{"line":46,"column":57}},"22":{"start":{"line":46,"column":17},"end":{"line":46,"column":57}},"23":{"start":{"line":47,"column":2},"end":{"line":47,"column":25}},"24":{"start":{"line":51,"column":16},"end":{"line":51,"column":52}},"25":{"start":{"line":51,"column":40},"end":{"line":51,"column":51}},"26":{"start":{"line":52,"column":2},"end":{"line":52,"column":32}},"27":{"start":{"line":52,"column":20},"end":{"line":52,"column":32}},"28":{"start":{"line":53,"column":2},"end":{"line":53,"column":28}},"29":{"start":{"line":54,"column":2},"end":{"line":54,"column":14}},"30":{"start":{"line":57,"column":0},"end":{"line":57,"column":61}}},"fnMap":{"0":{"name":"getAll","decl":{"start":{"line":11,"column":9},"end":{"line":11,"column":15}},"loc":{"start":{"line":11,"column":18},"end":{"line":13,"column":1}},"line":11},"1":{"name":"getById","decl":{"start":{"line":15,"column":9},"end":{"line":15,"column":16}},"loc":{"start":{"line":15,"column":21},"end":{"line":17,"column":1}},"line":15},"2":{"name":"(anonymous_2)","decl":{"start":{"line":16,"column":23},"end":{"line":16,"column":24}},"loc":{"start":{"line":16,"column":28},"end":{"line":16,"column":39}},"line":16},"3":{"name":"create","decl":{"start":{"line":19,"column":9},"end":{"line":19,"column":15}},"loc":{"start":{"line":19,"column":22},"end":{"line":34,"column":1}},"line":19},"4":{"name":"update","decl":{"start":{"line":36,"column":9},"end":{"line":36,"column":15}},"loc":{"start":{"line":36,"column":26},"end":{"line":48,"column":1}},"line":36},"5":{"name":"(anonymous_5)","decl":{"start":{"line":37,"column":35},"end":{"line":37,"column":36}},"loc":{"start":{"line":37,"column":40},"end":{"line":37,"column":51}},"line":37},"6":{"name":"remove","decl":{"start":{"line":50,"column":9},"end":{"line":50,"column":15}},"loc":{"start":{"line":50,"column":20},"end":{"line":55,"column":1}},"line":50},"7":{"name":"(anonymous_7)","decl":{"start":{"line":51,"column":35},"end":{"line":51,"column":36}},"loc":{"start":{"line":51,"column":40},"end":{"line":51,"column":51}},"line":51}},"branchMap":{"0":{"loc":{"start":{"line":16,"column":9},"end":{"line":16,"column":48}},"type":"binary-expr","locations":[{"start":{"line":16,"column":9},"end":{"line":16,"column":40}},{"start":{"line":16,"column":44},"end":{"line":16,"column":48}}],"line":16},"1":{"loc":{"start":{"line":20,"column":2},"end":{"line":22,"column":3}},"type":"if","locations":[{"start":{"line":20,"column":2},"end":{"line":22,"column":3}},{"start":{},"end":{}}],"line":20},"2":{"loc":{"start":{"line":20,"column":6},"end":{"line":20,"column":70}},"type":"binary-expr","locations":[{"start":{"line":20,"column":6},"end":{"line":20,"column":16}},{"start":{"line":20,"column":20},"end":{"line":20,"column":49}},{"start":{"line":20,"column":53},"end":{"line":20,"column":70}}],"line":20},"3":{"loc":{"start":{"line":23,"column":2},"end":{"line":25,"column":3}},"type":"if","locations":[{"start":{"line":23,"column":2},"end":{"line":25,"column":3}},{"start":{},"end":{}}],"line":23},"4":{"loc":{"start":{"line":23,"column":6},"end":{"line":23,"column":60}},"type":"binary-expr","locations":[{"start":{"line":23,"column":6},"end":{"line":23,"column":28}},{"start":{"line":23,"column":32},"end":{"line":23,"column":60}}],"line":23},"5":{"loc":{"start":{"line":29,"column":9},"end":{"line":29,"column":22}},"type":"binary-expr","locations":[{"start":{"line":29,"column":9},"end":{"line":29,"column":17}},{"start":{"line":29,"column":21},"end":{"line":29,"column":22}}],"line":29},"6":{"loc":{"start":{"line":30,"column":11},"end":{"line":30,"column":30}},"type":"binary-expr","locations":[{"start":{"line":30,"column":11},"end":{"line":30,"column":21}},{"start":{"line":30,"column":25},"end":{"line":30,"column":30}}],"line":30},"7":{"loc":{"start":{"line":38,"column":2},"end":{"line":38,"column":32}},"type":"if","locations":[{"start":{"line":38,"column":2},"end":{"line":38,"column":32}},{"start":{},"end":{}}],"line":38},"8":{"loc":{"start":{"line":39,"column":2},"end":{"line":41,"column":3}},"type":"if","locations":[{"start":{"line":39,"column":2},"end":{"line":41,"column":3}},{"start":{},"end":{}}],"line":39},"9":{"loc":{"start":{"line":39,"column":6},"end":{"line":39,"column":85}},"type":"binary-expr","locations":[{"start":{"line":39,"column":6},"end":{"line":39,"column":29}},{"start":{"line":39,"column":34},"end":{"line":39,"column":63}},{"start":{"line":39,"column":67},"end":{"line":39,"column":84}}],"line":39},"10":{"loc":{"start":{"line":42,"column":2},"end":{"line":44,"column":3}},"type":"if","locations":[{"start":{"line":42,"column":2},"end":{"line":44,"column":3}},{"start":{},"end":{}}],"line":42},"11":{"loc":{"start":{"line":42,"column":6},"end":{"line":42,"column":60}},"type":"binary-expr","locations":[{"start":{"line":42,"column":6},"end":{"line":42,"column":28}},{"start":{"line":42,"column":32},"end":{"line":42,"column":60}}],"line":42},"12":{"loc":{"start":{"line":46,"column":2},"end":{"line":46,"column":57}},"type":"if","locations":[{"start":{"line":46,"column":2},"end":{"line":46,"column":57}},{"start":{},"end":{}}],"line":46},"13":{"loc":{"start":{"line":52,"column":2},"end":{"line":52,"column":32}},"type":"if","locations":[{"start":{"line":52,"column":2},"end":{"line":52,"column":32}},{"start":{},"end":{}}],"line":52}},"s":{"0":2,"1":2,"2":261,"3":7,"4":14,"5":8,"6":2,"7":6,"8":2,"9":4,"10":4,"11":4,"12":7,"13":11,"14":7,"15":2,"16":5,"17":1,"18":4,"19":2,"20":2,"21":2,"22":0,"23":2,"24":99,"25":101,"26":99,"27":1,"28":98,"29":98,"30":2},"f":{"0":261,"1":7,"2":14,"3":8,"4":7,"5":11,"6":99,"7":101},"b":{"0":[7,4],"1":[2,6],"2":[8,6,6],"3":[2,4],"4":[6,5],"5":[4,1],"6":[4,2],"7":[2,5],"8":[1,4],"9":[5,1,1],"10":[2,2],"11":[4,4],"12":[0,2],"13":[1,98]},"_coverageSchema":"1a1c01bbd47fc00a2c39e90264f33305004495a9","hash":"3a53ce05a103dc7c6ea478a448ae3ebccac1bef4"}
,"D:\\www\\大连\\git-test\\src\\utils.js": {"path":"D:\\www\\大连\\git-test\\src\\utils.js","statementMap":{"0":{"start":{"line":2,"column":2},"end":{"line":2,"column":74}},"1":{"start":{"line":5,"column":0},"end":{"line":5,"column":32}}},"fnMap":{"0":{"name":"generateId","decl":{"start":{"line":1,"column":9},"end":{"line":1,"column":19}},"loc":{"start":{"line":1,"column":22},"end":{"line":3,"column":1}},"line":1}},"branchMap":{},"s":{"0":4,"1":2},"f":{"0":4},"b":{},"_coverageSchema":"1a1c01bbd47fc00a2c39e90264f33305004495a9","hash":"0a8d4db02c3c6caa2d2f12dc368f1771805b76b6"}
}
