TN:
SF:routes\students.js
FN:5,(anonymous_0)
FN:8,(anonymous_1)
FN:9,(anonymous_2)
FN:13,(anonymous_3)
FN:16,(anonymous_4)
FN:17,(anonymous_5)
FN:24,(anonymous_6)
FN:32,(anonymous_7)
FN:40,(anonymous_8)
FN:51,(anonymous_9)
FNF:10
FNH:10
FNDA:3,(anonymous_0)
FNDA:3,(anonymous_1)
FNDA:8,(anonymous_2)
FNDA:3,(anonymous_3)
FNDA:6,(anonymous_4)
FNDA:3,(anonymous_5)
FNDA:2,(anonymous_6)
FNDA:3,(anonymous_7)
FNDA:3,(anonymous_8)
FNDA:2,(anonymous_9)
DA:1,1
DA:2,1
DA:3,1
DA:5,1
DA:6,3
DA:7,3
DA:8,3
DA:9,8
DA:10,3
DA:13,1
DA:14,3
DA:15,3
DA:16,6
DA:17,3
DA:18,3
DA:19,3
DA:20,3
DA:21,3
DA:24,1
DA:25,2
DA:26,2
DA:27,1
DA:29,1
DA:32,1
DA:33,3
DA:34,3
DA:35,2
DA:37,1
DA:40,1
DA:41,3
DA:42,3
DA:43,1
DA:45,2
DA:46,1
DA:48,1
DA:51,1
DA:52,2
DA:53,2
DA:54,1
DA:56,1
DA:57,1
DA:60,1
LF:42
LH:42
BRDA:8,0,0,1
BRDA:8,0,1,2
BRDA:14,1,0,3
BRDA:14,2,0,3
BRDA:16,3,0,2
BRDA:16,3,1,1
BRDA:17,4,0,1
BRDA:17,4,1,2
BRDA:26,5,0,1
BRDA:26,5,1,1
BRDA:34,6,0,2
BRDA:34,6,1,1
BRDA:42,7,0,1
BRDA:42,7,1,2
BRDA:45,8,0,1
BRDA:45,8,1,1
BRDA:53,9,0,1
BRDA:53,9,1,1
BRF:18
BRH:18
end_of_record
TN:
SF:src\app.js
FN:9,(anonymous_0)
FN:26,(anonymous_1)
FNF:2
FNH:0
FNDA:0,(anonymous_0)
FNDA:0,(anonymous_1)
DA:1,1
DA:2,1
DA:4,1
DA:5,1
DA:7,1
DA:9,1
DA:10,0
DA:23,1
DA:25,1
DA:26,0
DA:27,0
DA:31,1
LF:12
LH:9
BRDA:25,0,0,0
BRDA:25,0,1,1
BRF:2
BRH:1
end_of_record
TN:
SF:src\students.js
FN:11,getAll
FN:15,getById
FN:16,(anonymous_2)
FN:19,create
FN:36,update
FN:37,(anonymous_5)
FN:50,remove
FN:51,(anonymous_7)
FNF:8
FNH:8
FNDA:261,getAll
FNDA:7,getById
FNDA:14,(anonymous_2)
FNDA:8,create
FNDA:7,update
FNDA:11,(anonymous_5)
FNDA:99,remove
FNDA:101,(anonymous_7)
DA:1,2
DA:3,2
DA:12,261
DA:16,14
DA:20,8
DA:21,2
DA:23,6
DA:24,2
DA:26,4
DA:32,4
DA:33,4
DA:37,11
DA:38,7
DA:39,5
DA:40,1
DA:42,4
DA:43,2
DA:45,2
DA:46,2
DA:47,2
DA:51,101
DA:52,99
DA:53,98
DA:54,98
DA:57,2
LF:25
LH:25
BRDA:16,0,0,7
BRDA:16,0,1,4
BRDA:20,1,0,2
BRDA:20,1,1,6
BRDA:20,2,0,8
BRDA:20,2,1,6
BRDA:20,2,2,6
BRDA:23,3,0,2
BRDA:23,3,1,4
BRDA:23,4,0,6
BRDA:23,4,1,5
BRDA:29,5,0,4
BRDA:29,5,1,1
BRDA:30,6,0,4
BRDA:30,6,1,2
BRDA:38,7,0,2
BRDA:38,7,1,5
BRDA:39,8,0,1
BRDA:39,8,1,4
BRDA:39,9,0,5
BRDA:39,9,1,1
BRDA:39,9,2,1
BRDA:42,10,0,2
BRDA:42,10,1,2
BRDA:42,11,0,4
BRDA:42,11,1,4
BRDA:46,12,0,0
BRDA:46,12,1,2
BRDA:52,13,0,1
BRDA:52,13,1,98
BRF:30
BRH:29
end_of_record
TN:
SF:src\utils.js
FN:1,generateId
FNF:1
FNH:1
FNDA:4,generateId
DA:2,4
DA:5,2
LF:2
LH:2
BRF:0
BRH:0
end_of_record
